"Task Aware Debugger for GDB" version 24.12.0 (202407110909)
Copyright 2016-2023 NXP
==================================
17:25:08.143 INFO: [ZephyrRTOS] .config file could not be read [/Users/piotrwlazlo/Desktop/studia/4semestr/SystemyWbudowane/odtwarzacz/Debug/.config (No such file or directory)]
17:25:08.144 INFO: [TadModel] DSF session ID 0 has started.
17:25:09.955 INFO: [TadState] TAD state changed: DEBUG_STARTED -> DEBUG_INIT_0 (RESUMED, USER_REQUEST)
17:25:09.980 INFO: [TadState] TAD state changed: DEBUG_INIT_0 -> DEBUG_INIT_1 (SUSPENDED, SIGNAL)
17:25:10.540 INFO: [TadState] TAD state changed: DEBUG_INIT_1 -> DEBUG_SUSPENDED (RESUMED, USER_REQUEST)
17:25:10.643 INFO: [TadState] TAD state changed: DEBUG_SUSPENDED -> DEBUG_SUSPENDED (SUSPENDED, BREAKPOINT)
17:25:12.280 INFO: [TadState] TAD state changed: DEBUG_SUSPENDED -> DEBUG_RESUMED (RESUMED, USER_REQUEST)
17:25:21.996 INFO: [TadState] TAD state changed: DEBUG_RESUMED -> READY (SUSPENDED, SIGNAL)
17:25:22.144 INFO: [TadState] TAD state changed: READY -> DEBUG_RESUMED (RESUMED, USER_REQUEST)
17:25:22.230 INFO: [TadState] TAD state changed: DEBUG_RESUMED -> READY (SUSPENDED, BREAKPOINT)
17:25:23.365 INFO: [TadState] TAD state changed: READY -> DEBUG_RESUMED (RESUMED, STEP)
17:25:23.459 INFO: [TadState] TAD state changed: DEBUG_RESUMED -> READY (SUSPENDED, STEP)
17:25:23.915 INFO: [TadState] TAD state changed: READY -> DEBUG_RESUMED (RESUMED, STEP)
17:25:24.17 INFO: [TadState] TAD state changed: DEBUG_RESUMED -> READY (SUSPENDED, STEP)
17:25:24.399 INFO: [TadState] TAD state changed: READY -> DEBUG_RESUMED (RESUMED, STEP)
17:25:24.496 INFO: [TadState] TAD state changed: DEBUG_RESUMED -> READY (SUSPENDED, STEP)
17:25:24.806 INFO: [TadState] TAD state changed: READY -> DEBUG_RESUMED (RESUMED, STEP)
17:25:24.907 INFO: [TadState] TAD state changed: DEBUG_RESUMED -> READY (SUSPENDED, STEP)
17:25:25.264 INFO: [TadState] TAD state changed: READY -> DEBUG_RESUMED (RESUMED, STEP)
17:25:25.364 INFO: [TadState] TAD state changed: DEBUG_RESUMED -> READY (SUSPENDED, STEP)
17:25:25.702 INFO: [TadState] TAD state changed: READY -> DEBUG_RESUMED (RESUMED, STEP)
17:25:25.804 INFO: [TadState] TAD state changed: DEBUG_RESUMED -> READY (SUSPENDED, STEP)
17:25:26.35 INFO: [TadState] TAD state changed: READY -> DEBUG_RESUMED (RESUMED, STEP)
17:25:26.131 INFO: [TadState] TAD state changed: DEBUG_RESUMED -> READY (SUSPENDED, STEP)
17:25:26.481 INFO: [TadState] TAD state changed: READY -> DEBUG_RESUMED (RESUMED, STEP)
17:25:26.587 INFO: [TadState] TAD state changed: DEBUG_RESUMED -> READY (SUSPENDED, STEP)
17:25:26.856 INFO: [TadState] TAD state changed: READY -> DEBUG_RESUMED (RESUMED, STEP)
17:25:26.954 INFO: [TadState] TAD state changed: DEBUG_RESUMED -> READY (SUSPENDED, STEP)
17:25:27.244 INFO: [TadState] TAD state changed: READY -> DEBUG_RESUMED (RESUMED, STEP)
17:25:27.345 INFO: [TadState] TAD state changed: DEBUG_RESUMED -> READY (SUSPENDED, STEP)
17:25:27.602 INFO: [TadState] TAD state changed: READY -> DEBUG_RESUMED (RESUMED, STEP)
17:25:27.770 INFO: [TadState] TAD state changed: DEBUG_RESUMED -> READY (SUSPENDED, STEP)
17:25:27.966 INFO: [TadState] TAD state changed: READY -> DEBUG_RESUMED (RESUMED, STEP)
17:25:28.131 INFO: [TadState] TAD state changed: DEBUG_RESUMED -> READY (SUSPENDED, STEP)
17:25:28.356 INFO: [TadState] TAD state changed: READY -> DEBUG_RESUMED (RESUMED, STEP)
17:25:28.527 INFO: [TadState] TAD state changed: DEBUG_RESUMED -> READY (SUSPENDED, STEP)
17:25:28.727 INFO: [TadState] TAD state changed: READY -> DEBUG_RESUMED (RESUMED, STEP)
17:25:28.902 INFO: [TadState] TAD state changed: DEBUG_RESUMED -> READY (SUSPENDED, STEP)
17:25:29.85 INFO: [TadState] TAD state changed: READY -> DEBUG_RESUMED (RESUMED, STEP)
17:25:29.248 INFO: [TadState] TAD state changed: DEBUG_RESUMED -> READY (SUSPENDED, STEP)
17:25:29.781 INFO: [TadState] TAD state changed: READY -> DEBUG_RESUMED (RESUMED, STEP)
17:25:29.949 INFO: [TadState] TAD state changed: DEBUG_RESUMED -> READY (SUSPENDED, STEP)
17:25:30.482 INFO: [TadState] TAD state changed: READY -> DEBUG_RESUMED (RESUMED, STEP)
17:25:30.669 INFO: [TadState] TAD state changed: DEBUG_RESUMED -> READY (SUSPENDED, STEP)
17:25:31.139 INFO: [TadState] TAD state changed: READY -> DEBUG_RESUMED (RESUMED, STEP)
17:25:31.346 INFO: [TadState] TAD state changed: DEBUG_RESUMED -> READY (SUSPENDED, STEP)
17:25:31.613 INFO: [TadState] TAD state changed: READY -> DEBUG_RESUMED (RESUMED, STEP)
17:25:31.809 INFO: [TadState] TAD state changed: DEBUG_RESUMED -> READY (SUSPENDED, STEP)
17:25:32.78 INFO: [TadState] TAD state changed: READY -> DEBUG_RESUMED (RESUMED, STEP)
17:25:32.259 INFO: [TadState] TAD state changed: DEBUG_RESUMED -> READY (SUSPENDED, STEP)
17:25:33.57 INFO: [TadState] TAD state changed: READY -> DEBUG_RESUMED (RESUMED, STEP)
17:26:03.782 INFO: [TadState] TAD state changed: DEBUG_RESUMED -> READY (SUSPENDED, BREAKPOINT)
17:26:08.794 INFO: [TadState] TAD state changed: READY -> DEBUG_RESUMED (RESUMED, USER_REQUEST)
17:26:08.947 INFO: [TadState] TAD state changed: DEBUG_RESUMED -> READY (SUSPENDED, BREAKPOINT)
17:26:10.220 INFO: [TadState] TAD state changed: READY -> DEBUG_RESUMED (RESUMED, USER_REQUEST)
17:26:10.314 INFO: [TadState] TAD state changed: DEBUG_RESUMED -> READY (SUSPENDED, BREAKPOINT)
17:26:12.876 INFO: [TadState] TAD state changed: READY -> DEBUG_RESUMED (RESUMED, USER_REQUEST)
17:26:13.37 INFO: [TadState] TAD state changed: DEBUG_RESUMED -> READY (SUSPENDED, BREAKPOINT)
17:26:21.129 INFO: [TadState] TAD state changed: READY -> DEBUG_RESUMED (RESUMED, USER_REQUEST)
17:26:21.283 INFO: [TadState] TAD state changed: DEBUG_RESUMED -> READY (SUSPENDED, BREAKPOINT)
17:26:53.408 INFO: [TadModel] DSF session ID 0 has ended.
